[2023-10-28 04:23:26Z INFO HostContext] No proxy settings were found based on environmental variables (http_proxy/https_proxy/HTTP_PROXY/HTTPS_PROXY)
[2023-10-28 04:23:26Z INFO HostContext] Well known directory 'Bin': 'C:\Users\nitro 5\Downloads\Documents\Rakamin\HOMEWORK RAKAMIN\coding\HW 11\actions-runner\bin'
[2023-10-28 04:23:26Z INFO HostContext] Well known directory 'Root': 'C:\Users\nitro 5\Downloads\Documents\Rakamin\HOMEWORK RAKAMIN\coding\HW 11\actions-runner'
[2023-10-28 04:23:26Z INFO HostContext] Well known config file 'Credentials': 'C:\Users\nitro 5\Downloads\Documents\Rakamin\HOMEWORK RAKAMIN\coding\HW 11\actions-runner\.credentials'
[2023-10-28 04:23:27Z INFO HostContext] Well known directory 'Bin': 'C:\Users\nitro 5\Downloads\Documents\Rakamin\HOMEWORK RAKAMIN\coding\HW 11\actions-runner\bin'
[2023-10-28 04:23:27Z INFO HostContext] Well known directory 'Root': 'C:\Users\nitro 5\Downloads\Documents\Rakamin\HOMEWORK RAKAMIN\coding\HW 11\actions-runner'
[2023-10-28 04:23:27Z INFO HostContext] Well known config file 'Runner': 'C:\Users\nitro 5\Downloads\Documents\Rakamin\HOMEWORK RAKAMIN\coding\HW 11\actions-runner\.runner'
[2023-10-28 04:23:27Z INFO Listener] Runner is built for Windows (X64) - win-x64.
[2023-10-28 04:23:27Z INFO Listener] RuntimeInformation: Microsoft Windows 10.0.22621.
[2023-10-28 04:23:27Z INFO Listener] Version: 2.311.0
[2023-10-28 04:23:27Z INFO Listener] Commit: f5cff308c83746dddd726a9a28a1583872305aaa
[2023-10-28 04:23:27Z INFO Listener] Culture: en-ID
[2023-10-28 04:23:27Z INFO Listener] UI Culture: en-US
[2023-10-28 04:23:27Z INFO HostContext] Well known directory 'Bin': 'C:\Users\nitro 5\Downloads\Documents\Rakamin\HOMEWORK RAKAMIN\coding\HW 11\actions-runner\bin'
[2023-10-28 04:23:27Z INFO HostContext] Well known directory 'Root': 'C:\Users\nitro 5\Downloads\Documents\Rakamin\HOMEWORK RAKAMIN\coding\HW 11\actions-runner'
[2023-10-28 04:23:27Z INFO Listener] Validating directory permissions for: 'C:\Users\nitro 5\Downloads\Documents\Rakamin\HOMEWORK RAKAMIN\coding\HW 11\actions-runner'
[2023-10-28 04:23:27Z INFO CommandLineParser] Parse
[2023-10-28 04:23:27Z INFO CommandLineParser] Parsing 1 args
[2023-10-28 04:23:27Z INFO CommandLineParser] parsing argument
[2023-10-28 04:23:27Z INFO CommandLineParser] HasArgs: False
[2023-10-28 04:23:27Z INFO CommandLineParser] Adding Command: run
[2023-10-28 04:23:27Z INFO Listener] Arguments parsed
[2023-10-28 04:23:27Z INFO Runner] ExecuteCommand
[2023-10-28 04:23:27Z INFO ConfigurationStore] currentAssemblyLocation: C:\Users\nitro 5\Downloads\Documents\Rakamin\HOMEWORK RAKAMIN\coding\HW 11\actions-runner\bin\Runner.Listener.dll
[2023-10-28 04:23:27Z INFO HostContext] Well known directory 'Bin': 'C:\Users\nitro 5\Downloads\Documents\Rakamin\HOMEWORK RAKAMIN\coding\HW 11\actions-runner\bin'
[2023-10-28 04:23:27Z INFO ConfigurationStore] binPath: C:\Users\nitro 5\Downloads\Documents\Rakamin\HOMEWORK RAKAMIN\coding\HW 11\actions-runner\bin
[2023-10-28 04:23:27Z INFO HostContext] Well known directory 'Bin': 'C:\Users\nitro 5\Downloads\Documents\Rakamin\HOMEWORK RAKAMIN\coding\HW 11\actions-runner\bin'
[2023-10-28 04:23:27Z INFO HostContext] Well known directory 'Root': 'C:\Users\nitro 5\Downloads\Documents\Rakamin\HOMEWORK RAKAMIN\coding\HW 11\actions-runner'
[2023-10-28 04:23:27Z INFO ConfigurationStore] RootFolder: C:\Users\nitro 5\Downloads\Documents\Rakamin\HOMEWORK RAKAMIN\coding\HW 11\actions-runner
[2023-10-28 04:23:27Z INFO HostContext] Well known directory 'Bin': 'C:\Users\nitro 5\Downloads\Documents\Rakamin\HOMEWORK RAKAMIN\coding\HW 11\actions-runner\bin'
[2023-10-28 04:23:27Z INFO HostContext] Well known directory 'Root': 'C:\Users\nitro 5\Downloads\Documents\Rakamin\HOMEWORK RAKAMIN\coding\HW 11\actions-runner'
[2023-10-28 04:23:27Z INFO HostContext] Well known config file 'Runner': 'C:\Users\nitro 5\Downloads\Documents\Rakamin\HOMEWORK RAKAMIN\coding\HW 11\actions-runner\.runner'
[2023-10-28 04:23:27Z INFO ConfigurationStore] ConfigFilePath: C:\Users\nitro 5\Downloads\Documents\Rakamin\HOMEWORK RAKAMIN\coding\HW 11\actions-runner\.runner
[2023-10-28 04:23:27Z INFO HostContext] Well known directory 'Bin': 'C:\Users\nitro 5\Downloads\Documents\Rakamin\HOMEWORK RAKAMIN\coding\HW 11\actions-runner\bin'
[2023-10-28 04:23:27Z INFO HostContext] Well known directory 'Root': 'C:\Users\nitro 5\Downloads\Documents\Rakamin\HOMEWORK RAKAMIN\coding\HW 11\actions-runner'
[2023-10-28 04:23:27Z INFO HostContext] Well known config file 'Credentials': 'C:\Users\nitro 5\Downloads\Documents\Rakamin\HOMEWORK RAKAMIN\coding\HW 11\actions-runner\.credentials'
[2023-10-28 04:23:27Z INFO ConfigurationStore] CredFilePath: C:\Users\nitro 5\Downloads\Documents\Rakamin\HOMEWORK RAKAMIN\coding\HW 11\actions-runner\.credentials
[2023-10-28 04:23:27Z INFO HostContext] Well known directory 'Bin': 'C:\Users\nitro 5\Downloads\Documents\Rakamin\HOMEWORK RAKAMIN\coding\HW 11\actions-runner\bin'
[2023-10-28 04:23:27Z INFO HostContext] Well known directory 'Root': 'C:\Users\nitro 5\Downloads\Documents\Rakamin\HOMEWORK RAKAMIN\coding\HW 11\actions-runner'
[2023-10-28 04:23:27Z INFO HostContext] Well known config file 'MigratedCredentials': 'C:\Users\nitro 5\Downloads\Documents\Rakamin\HOMEWORK RAKAMIN\coding\HW 11\actions-runner\.credentials_migrated'
[2023-10-28 04:23:27Z INFO ConfigurationStore] MigratedCredFilePath: C:\Users\nitro 5\Downloads\Documents\Rakamin\HOMEWORK RAKAMIN\coding\HW 11\actions-runner\.credentials_migrated
[2023-10-28 04:23:27Z INFO HostContext] Well known directory 'Bin': 'C:\Users\nitro 5\Downloads\Documents\Rakamin\HOMEWORK RAKAMIN\coding\HW 11\actions-runner\bin'
[2023-10-28 04:23:27Z INFO HostContext] Well known directory 'Root': 'C:\Users\nitro 5\Downloads\Documents\Rakamin\HOMEWORK RAKAMIN\coding\HW 11\actions-runner'
[2023-10-28 04:23:27Z INFO HostContext] Well known config file 'Service': 'C:\Users\nitro 5\Downloads\Documents\Rakamin\HOMEWORK RAKAMIN\coding\HW 11\actions-runner\.service'
[2023-10-28 04:23:27Z INFO ConfigurationStore] ServiceConfigFilePath: C:\Users\nitro 5\Downloads\Documents\Rakamin\HOMEWORK RAKAMIN\coding\HW 11\actions-runner\.service
[2023-10-28 04:23:27Z INFO CommandSettings] Flag 'help': 'False'
[2023-10-28 04:23:27Z INFO CommandSettings] Flag 'version': 'False'
[2023-10-28 04:23:27Z INFO CommandSettings] Flag 'commit': 'False'
[2023-10-28 04:23:27Z INFO CommandSettings] Flag 'check': 'False'
[2023-10-28 04:23:27Z INFO CommandSettings] Command 'configure': 'False'
[2023-10-28 04:23:27Z INFO CommandSettings] Command 'remove': 'False'
[2023-10-28 04:23:27Z INFO CommandSettings] Command 'warmup': 'False'
[2023-10-28 04:23:27Z INFO ConfigurationManager] LoadSettings
[2023-10-28 04:23:27Z INFO ConfigurationStore] IsConfigured()
[2023-10-28 04:23:27Z INFO ConfigurationStore] IsConfigured: True
[2023-10-28 04:23:27Z INFO ConfigurationManager] Is configured: True
[2023-10-28 04:23:27Z INFO ConfigurationStore] Read setting file: 354 chars
[2023-10-28 04:23:27Z INFO ConfigurationManager] Settings Loaded
[2023-10-28 04:23:27Z INFO ConfigurationStore] IsServiceConfigured()
[2023-10-28 04:23:27Z INFO ConfigurationStore] IsServiceConfigured: False
[2023-10-28 04:23:27Z INFO CommandSettings] Command 'run': 'True'
[2023-10-28 04:23:27Z INFO ConfigurationStore] IsConfigured()
[2023-10-28 04:23:27Z INFO ConfigurationStore] IsConfigured: True
[2023-10-28 04:23:27Z INFO ConfigurationManager] Is configured: True
[2023-10-28 04:23:27Z INFO Runner] Could not parse the argument value '' for StartupType. Defaulting to Manual
[2023-10-28 04:23:27Z INFO Runner] Set runner startup type - Manual
[2023-10-28 04:23:27Z INFO CommandSettings] Flag 'once': 'False'
[2023-10-28 04:23:27Z INFO CommandSettings] Flag 'once': 'False'
[2023-10-28 04:23:27Z INFO Runner] RunAsync
[2023-10-28 04:23:27Z INFO ConfigurationManager] LoadSettings
[2023-10-28 04:23:27Z INFO ConfigurationStore] IsConfigured()
[2023-10-28 04:23:27Z INFO ConfigurationStore] IsConfigured: True
[2023-10-28 04:23:27Z INFO ConfigurationManager] Is configured: True
[2023-10-28 04:23:27Z INFO ConfigurationManager] Settings Loaded
[2023-10-28 04:23:27Z INFO MessageListener] {
  "AgentId": 2,
  "AgentName": "LAPTOP-4KOVEFCK",
  "PoolId": 1,
  "PoolName": "Default",
  "ServerUrl": "https://pipelinesghubeus11.actions.githubusercontent.com/zLuKiTHDBAEn9mmzV8lzxC7LeR2VbqSjRcwWsucGd9M8RkoLFz/",
  "GitHubUrl": "https://github.com/zcdanny/Homework11_Rakamin_Unit-Testing-Development-DOCKER-CICD-",
  "WorkFolder": "_work"
}
[2023-10-28 04:23:27Z INFO MessageListener] Loading Credentials
[2023-10-28 04:23:27Z INFO ConfigurationStore] HasCredentials()
[2023-10-28 04:23:27Z INFO ConfigurationStore] stored True
[2023-10-28 04:23:27Z INFO CredentialManager] GetCredentialProvider
[2023-10-28 04:23:27Z INFO CredentialManager] Creating type OAuth
[2023-10-28 04:23:27Z INFO CredentialManager] Creating credential type: OAuth
[2023-10-28 04:23:27Z INFO HostContext] Well known directory 'Bin': 'C:\Users\nitro 5\Downloads\Documents\Rakamin\HOMEWORK RAKAMIN\coding\HW 11\actions-runner\bin'
[2023-10-28 04:23:27Z INFO HostContext] Well known directory 'Root': 'C:\Users\nitro 5\Downloads\Documents\Rakamin\HOMEWORK RAKAMIN\coding\HW 11\actions-runner'
[2023-10-28 04:23:27Z INFO HostContext] Well known config file 'RSACredentials': 'C:\Users\nitro 5\Downloads\Documents\Rakamin\HOMEWORK RAKAMIN\coding\HW 11\actions-runner\.credentials_rsaparams'
[2023-10-28 04:23:27Z INFO RSAEncryptedFileKeyManager] Loading RSA key parameters from file C:\Users\nitro 5\Downloads\Documents\Rakamin\HOMEWORK RAKAMIN\coding\HW 11\actions-runner\.credentials_rsaparams
[2023-10-28 04:23:27Z INFO MessageListener] Attempt to create session.
[2023-10-28 04:23:27Z INFO MessageListener] Connecting to the Runner Server...
[2023-10-28 04:23:27Z INFO RunnerServer] EstablishVssConnection
[2023-10-28 04:23:27Z INFO RunnerServer] Establish connection with 100 seconds timeout.
[2023-10-28 04:23:27Z INFO GitHubActionsService] Starting operation Location.GetConnectionData
[2023-10-28 04:23:27Z INFO RunnerServer] EstablishVssConnection
[2023-10-28 04:23:27Z INFO RunnerServer] Establish connection with 60 seconds timeout.
[2023-10-28 04:23:27Z INFO GitHubActionsService] Starting operation Location.GetConnectionData
[2023-10-28 04:23:27Z INFO RunnerServer] EstablishVssConnection
[2023-10-28 04:23:27Z INFO RunnerServer] Establish connection with 60 seconds timeout.
[2023-10-28 04:23:27Z INFO GitHubActionsService] Starting operation Location.GetConnectionData
[2023-10-28 04:23:29Z INFO GitHubActionsService] Finished operation Location.GetConnectionData
[2023-10-28 04:23:29Z INFO GitHubActionsService] Finished operation Location.GetConnectionData
[2023-10-28 04:23:29Z INFO GitHubActionsService] Finished operation Location.GetConnectionData
[2023-10-28 04:23:29Z INFO MessageListener] VssConnection created
[2023-10-28 04:23:29Z INFO Terminal] WRITE LINE: 
[2023-10-28 04:23:29Z INFO Terminal] WRITE LINE: 
[2023-10-28 04:23:29Z INFO RSAEncryptedFileKeyManager] Loading RSA key parameters from file C:\Users\nitro 5\Downloads\Documents\Rakamin\HOMEWORK RAKAMIN\coding\HW 11\actions-runner\.credentials_rsaparams
[2023-10-28 04:23:29Z INFO RSAEncryptedFileKeyManager] Loading RSA key parameters from file C:\Users\nitro 5\Downloads\Documents\Rakamin\HOMEWORK RAKAMIN\coding\HW 11\actions-runner\.credentials_rsaparams
[2023-10-28 04:23:30Z INFO GitHubActionsService] AAD Correlation ID for this token request: Unknown
[2023-10-28 04:23:30Z INFO MessageListener] Session created.
[2023-10-28 04:23:30Z INFO Terminal] WRITE LINE: Current runner version: '2.311.0'
[2023-10-28 04:23:30Z INFO Terminal] WRITE LINE: 2023-10-28 04:23:30Z: Listening for Jobs
[2023-10-28 04:23:30Z INFO JobDispatcher] Set runner/worker IPC timeout to 30 seconds.
[2023-10-28 04:25:53Z INFO Terminal] WRITE LINE: Exiting...
[2023-10-28 04:25:53Z INFO ConfigurationStore] IsServiceConfigured()
[2023-10-28 04:25:53Z INFO ConfigurationStore] IsServiceConfigured: False
[2023-10-28 04:25:53Z INFO HostContext] Runner will be shutdown for UserCancelled
[2023-10-28 04:25:53Z WARN GitHubActionsService] GET request to https://pipelinesghubeus11.actions.githubusercontent.com/zLuKiTHDBAEn9mmzV8lzxC7LeR2VbqSjRcwWsucGd9M8RkoLFz/_apis/distributedtask/pools/1/messages?sessionId=4e10f703-9acb-40e4-9922-a06e7e03090e&status=Online&runnerVersion=2.311.0&os=Windows&architecture=X64 has been cancelled.
[2023-10-28 04:25:53Z INFO MessageListener] Get next message has been cancelled.
[2023-10-28 04:25:53Z INFO JobDispatcher] Shutting down JobDispatcher. Make sure all WorkerDispatcher has finished.
[2023-10-28 04:25:54Z INFO Listener] Runner execution been cancelled.
